  Vector_PhaseA_unittests.cpp
c:\users\rongsheng\documents\github\epl\epl\epl\project1c\Vector.h(55): warning C4244: '=': conversion from 'uint64_t' to 'int', possible loss of data
  c:\users\rongsheng\documents\github\epl\epl\epl\project1c\Vector.h(45): note: while compiling class template member function 'void epl::vector<`anonymous-namespace'::Foo>::init(uint64_t)'
  c:\users\rongsheng\documents\github\epl\epl\epl\project1c\Vector.h(184): note: see reference to function template instantiation 'void epl::vector<`anonymous-namespace'::Foo>::init(uint64_t)' being compiled
  ..\..\Vector_PhaseA_unittests.cpp(111): note: see reference to class template instantiation 'epl::vector<`anonymous-namespace'::Foo>' being compiled
c:\users\rongsheng\documents\github\epl\epl\epl\project1c\Vector.h(56): warning C4244: '=': conversion from 'uint64_t' to 'int', possible loss of data
c:\users\rongsheng\documents\github\epl\epl\epl\project1c\Vector.h(61): warning C4244: '=': conversion from 'uint64_t' to 'int', possible loss of data
  Vector_PhaseB_unittests.cpp
  Vector_PhaseC_unittests.cpp
c:\users\rongsheng\documents\github\epl\epl\epl\project1c\Vector.h(55): warning C4244: '=': conversion from 'uint64_t' to 'int', possible loss of data
  c:\users\rongsheng\documents\github\epl\epl\epl\project1c\Vector.h(45): note: while compiling class template member function 'void epl::vector<int>::init(uint64_t)'
  c:\users\rongsheng\documents\github\epl\epl\epl\project1c\Vector.h(184): note: see reference to function template instantiation 'void epl::vector<int>::init(uint64_t)' being compiled
  ..\..\Vector_PhaseC_unittests.cpp(14): note: see reference to class template instantiation 'epl::vector<int>' being compiled
c:\users\rongsheng\documents\github\epl\epl\epl\project1c\Vector.h(56): warning C4244: '=': conversion from 'uint64_t' to 'int', possible loss of data
c:\users\rongsheng\documents\github\epl\epl\epl\project1c\Vector.h(61): warning C4244: '=': conversion from 'uint64_t' to 'int', possible loss of data
  Generating code
  0 of 1534 functions ( 0.0%) were compiled, the rest were copied from previous compilation.
    0 functions were new in current compilation
    24 functions had inline decision re-evaluated but remain unchanged
  Finished generating code
gtest_x64_Release.lib(gtest-all.obj) : warning LNK4099: PDB 'gtest-md.pdb' was not found with 'gtest_x64_Release.lib(gtest-all.obj)' or at 'C:\Users\Rongsheng\Documents\GitHub\EPL\EPL\EPL\project1c\Project1c\x64\Release\gtest-md.pdb'; linking object as if no debug info
  Project1c.vcxproj -> C:\Users\Rongsheng\Documents\GitHub\EPL\EPL\EPL\project1c\Project1c\x64\Release\Project1c.exe
